<?xml version="1.0" encoding="UTF-8"?>
<!-- Generated by org.testng.reporters.JUnitXMLReporter -->
<testsuite ignored="3" hostname="DESKTOP-ILITG10" failures="0" tests="2" name="Default test" time="15.535" errors="0" timestamp="2024-10-07T17:11:46 IST">
  <testcase classname="com.incubyteassessment.testcases.ComposePageTest" name="TC4" time="0.058"/>
  <testcase classname="com.incubyteassessment.testcases.ComposePageTest" name="TC5" time="0.013"/>
  <testcase classname="com.incubyteassessment.testcases.ComposePageTest" name="TC1" time="0.0">
    <ignored/>
  </testcase> <!-- TC1 -->
  <testcase classname="com.incubyteassessment.testcases.ComposePageTest" name="TC2" time="0.0">
    <ignored/>
  </testcase> <!-- TC2 -->
  <testcase classname="com.incubyteassessment.testcases.ComposePageTest" name="TC3" time="0.0">
    <ignored/>
  </testcase> <!-- TC3 -->
</testsuite> <!-- Default test -->
