<?xml version="1.0" encoding="UTF-8"?>
<testng-results ignored="3" total="5" passed="2" failed="0" skipped="0">
  <reporter-output>
  </reporter-output>
  <suite started-at="2024-10-07T17:11:30 IST" name="Default suite" finished-at="2024-10-07T17:11:46 IST" duration-ms="15535">
    <groups>
    </groups>
    <test started-at="2024-10-07T17:11:30 IST" name="Default test" finished-at="2024-10-07T17:11:46 IST" duration-ms="15535">
      <class name="com.incubyteassessment.testcases.ComposePageTest">
        <test-method is-config="true" signature="Initialization()[pri:0, instance:com.incubyteassessment.testcases.ComposePageTest@441772e]" started-at="2024-10-07T17:11:31 IST" name="Initialization" finished-at="2024-10-07T17:11:40 IST" duration-ms="9486" status="PASS">
          <reporter-output>
          </reporter-output>
        </test-method> <!-- Initialization -->
        <test-method signature="TC4()[pri:0, instance:com.incubyteassessment.testcases.ComposePageTest@441772e]" started-at="2024-10-07T17:11:40 IST" name="TC4" description="Compose without a recipient" finished-at="2024-10-07T17:11:40 IST" duration-ms="58" status="PASS">
          <reporter-output>
          </reporter-output>
        </test-method> <!-- TC4 -->
        <test-method is-config="true" signature="Initialization()[pri:0, instance:com.incubyteassessment.testcases.ComposePageTest@441772e]" started-at="2024-10-07T17:11:40 IST" name="Initialization" finished-at="2024-10-07T17:11:46 IST" duration-ms="5873" status="PASS">
          <reporter-output>
          </reporter-output>
        </test-method> <!-- Initialization -->
        <test-method signature="TC5()[pri:0, instance:com.incubyteassessment.testcases.ComposePageTest@441772e]" started-at="2024-10-07T17:11:46 IST" name="TC5" description="Compose without a body" finished-at="2024-10-07T17:11:46 IST" duration-ms="13" status="PASS">
          <reporter-output>
          </reporter-output>
        </test-method> <!-- TC5 -->
      </class> <!-- com.incubyteassessment.testcases.ComposePageTest -->
    </test> <!-- Default test -->
  </suite> <!-- Default suite -->
</testng-results>
